nohup: ignoring input

  .   ____          _            __ _ _
 /\\ / ___'_ __ _ _(_)_ __  __ _ \ \ \ \
( ( )\___ | '_ | '_| | '_ \/ _` | \ \ \ \
 \\/  ___)| |_)| | | | | || (_| |  ) ) ) )
  '  |____| .__|_| |_|_| |_\__, | / / / /
 =========|_|==============|___/=/_/_/_/
 :: Spring Boot ::                (v3.2.5)

2025-10-23T07:52:14.111Z  INFO 20768 --- [           main] c.q.order.OrderServiceApplication        : Starting OrderServiceApplication v1.0.0 using Java 17.0.16 with PID 20768 (/home/ubuntu/quickshop/frontend/quickshop-services/order-service/target/order-service-1.0.0.jar started by root in /home/ubuntu/quickshop/frontend/quickshop-services/order-service)
2025-10-23T07:52:14.117Z  INFO 20768 --- [           main] c.q.order.OrderServiceApplication        : No active profile set, falling back to 1 default profile: "default"
2025-10-23T07:52:15.348Z  INFO 20768 --- [           main] .s.d.r.c.RepositoryConfigurationDelegate : Bootstrapping Spring Data JPA repositories in DEFAULT mode.
2025-10-23T07:52:15.374Z  INFO 20768 --- [           main] .s.d.r.c.RepositoryConfigurationDelegate : Finished Spring Data repository scanning in 13 ms. Found 0 JPA repository interfaces.
2025-10-23T07:52:16.122Z  INFO 20768 --- [           main] o.s.b.w.embedded.tomcat.TomcatWebServer  : Tomcat initialized with port 8082 (http)
2025-10-23T07:52:16.142Z  INFO 20768 --- [           main] o.apache.catalina.core.StandardService   : Starting service [Tomcat]
2025-10-23T07:52:16.142Z  INFO 20768 --- [           main] o.apache.catalina.core.StandardEngine    : Starting Servlet engine: [Apache Tomcat/10.1.20]
2025-10-23T07:52:16.195Z  INFO 20768 --- [           main] o.a.c.c.C.[Tomcat].[localhost].[/]       : Initializing Spring embedded WebApplicationContext
2025-10-23T07:52:16.198Z  INFO 20768 --- [           main] w.s.c.ServletWebServerApplicationContext : Root WebApplicationContext: initialization completed in 1964 ms
2025-10-23T07:52:16.500Z  INFO 20768 --- [           main] o.hibernate.jpa.internal.util.LogHelper  : HHH000204: Processing PersistenceUnitInfo [name: default]
2025-10-23T07:52:16.597Z  INFO 20768 --- [           main] org.hibernate.Version                    : HHH000412: Hibernate ORM core version 6.4.4.Final
2025-10-23T07:52:16.645Z  INFO 20768 --- [           main] o.h.c.internal.RegionFactoryInitiator    : HHH000026: Second-level cache disabled
2025-10-23T07:52:16.916Z  INFO 20768 --- [           main] o.s.o.j.p.SpringPersistenceUnitInfo      : No LoadTimeWeaver setup: ignoring JPA class transformer
2025-10-23T07:52:16.949Z  INFO 20768 --- [           main] com.zaxxer.hikari.HikariDataSource       : HikariPool-1 - Starting...
2025-10-23T07:52:17.351Z  INFO 20768 --- [           main] com.zaxxer.hikari.pool.HikariPool        : HikariPool-1 - Added connection com.mysql.cj.jdbc.ConnectionImpl@34aa8b61
2025-10-23T07:52:17.354Z  INFO 20768 --- [           main] com.zaxxer.hikari.HikariDataSource       : HikariPool-1 - Start completed.
2025-10-23T07:52:17.976Z  INFO 20768 --- [           main] o.h.e.t.j.p.i.JtaPlatformInitiator       : HHH000489: No JTA platform available (set 'hibernate.transaction.jta.platform' to enable JTA platform integration)
2025-10-23T07:52:17.983Z  INFO 20768 --- [           main] j.LocalContainerEntityManagerFactoryBean : Initialized JPA EntityManagerFactory for persistence unit 'default'
2025-10-23T07:52:18.069Z  WARN 20768 --- [           main] JpaBaseConfiguration$JpaWebConfiguration : spring.jpa.open-in-view is enabled by default. Therefore, database queries may be performed during view rendering. Explicitly configure spring.jpa.open-in-view to disable this warning
2025-10-23T07:52:18.495Z  INFO 20768 --- [           main] o.s.b.w.embedded.tomcat.TomcatWebServer  : Tomcat started on port 8082 (http) with context path ''
2025-10-23T07:52:18.509Z  INFO 20768 --- [           main] c.q.order.OrderServiceApplication        : Started OrderServiceApplication in 5.064 seconds (process running for 5.75)
2025-10-23T07:52:24.868Z  INFO 20768 --- [0.0-8082-exec-1] o.a.c.c.C.[Tomcat].[localhost].[/]       : Initializing Spring DispatcherServlet 'dispatcherServlet'
2025-10-23T07:52:24.869Z  INFO 20768 --- [0.0-8082-exec-1] o.s.web.servlet.DispatcherServlet        : Initializing Servlet 'dispatcherServlet'
2025-10-23T07:52:24.870Z  INFO 20768 --- [0.0-8082-exec-1] o.s.web.servlet.DispatcherServlet        : Completed initialization in 1 ms
