nohup: ignoring input

  .   ____          _            __ _ _
 /\\ / ___'_ __ _ _(_)_ __  __ _ \ \ \ \
( ( )\___ | '_ | '_| | '_ \/ _` | \ \ \ \
 \\/  ___)| |_)| | | | | || (_| |  ) ) ) )
  '  |____| .__|_| |_|_| |_\__, | / / / /
 =========|_|==============|___/=/_/_/_/
 :: Spring Boot ::                (v3.2.5)

2025-10-23T05:23:35.108Z  INFO 17722 --- [           main] c.quickshop.user.UserServiceApplication  : Starting UserServiceApplication v1.0.0 using Java 17.0.16 with PID 17722 (/home/ubuntu/quickshop/frontend/user-service/target/user-service-1.0.0.jar started by root in /home/ubuntu/quickshop/frontend/user-service)
2025-10-23T05:23:35.113Z  INFO 17722 --- [           main] c.quickshop.user.UserServiceApplication  : No active profile set, falling back to 1 default profile: "default"
2025-10-23T05:23:36.241Z  INFO 17722 --- [           main] .s.d.r.c.RepositoryConfigurationDelegate : Bootstrapping Spring Data JPA repositories in DEFAULT mode.
2025-10-23T05:23:36.266Z  INFO 17722 --- [           main] .s.d.r.c.RepositoryConfigurationDelegate : Finished Spring Data repository scanning in 11 ms. Found 0 JPA repository interfaces.
2025-10-23T05:23:37.062Z  INFO 17722 --- [           main] o.s.b.w.embedded.tomcat.TomcatWebServer  : Tomcat initialized with port 8081 (http)
2025-10-23T05:23:37.078Z  INFO 17722 --- [           main] o.apache.catalina.core.StandardService   : Starting service [Tomcat]
2025-10-23T05:23:37.078Z  INFO 17722 --- [           main] o.apache.catalina.core.StandardEngine    : Starting Servlet engine: [Apache Tomcat/10.1.20]
2025-10-23T05:23:37.118Z  INFO 17722 --- [           main] o.a.c.c.C.[Tomcat].[localhost].[/]       : Initializing Spring embedded WebApplicationContext
2025-10-23T05:23:37.120Z  INFO 17722 --- [           main] w.s.c.ServletWebServerApplicationContext : Root WebApplicationContext: initialization completed in 1903 ms
2025-10-23T05:23:37.365Z  INFO 17722 --- [           main] o.hibernate.jpa.internal.util.LogHelper  : HHH000204: Processing PersistenceUnitInfo [name: default]
2025-10-23T05:23:37.431Z  INFO 17722 --- [           main] org.hibernate.Version                    : HHH000412: Hibernate ORM core version 6.4.4.Final
2025-10-23T05:23:37.474Z  INFO 17722 --- [           main] o.h.c.internal.RegionFactoryInitiator    : HHH000026: Second-level cache disabled
2025-10-23T05:23:37.769Z  INFO 17722 --- [           main] o.s.o.j.p.SpringPersistenceUnitInfo      : No LoadTimeWeaver setup: ignoring JPA class transformer
2025-10-23T05:23:37.801Z  INFO 17722 --- [           main] com.zaxxer.hikari.HikariDataSource       : HikariPool-1 - Starting...
2025-10-23T05:23:38.193Z  INFO 17722 --- [           main] com.zaxxer.hikari.pool.HikariPool        : HikariPool-1 - Added connection com.mysql.cj.jdbc.ConnectionImpl@2dac2e1b
2025-10-23T05:23:38.197Z  INFO 17722 --- [           main] com.zaxxer.hikari.HikariDataSource       : HikariPool-1 - Start completed.
2025-10-23T05:23:38.792Z  INFO 17722 --- [           main] o.h.e.t.j.p.i.JtaPlatformInitiator       : HHH000489: No JTA platform available (set 'hibernate.transaction.jta.platform' to enable JTA platform integration)
2025-10-23T05:23:38.799Z  INFO 17722 --- [           main] j.LocalContainerEntityManagerFactoryBean : Initialized JPA EntityManagerFactory for persistence unit 'default'
2025-10-23T05:23:38.883Z  WARN 17722 --- [           main] JpaBaseConfiguration$JpaWebConfiguration : spring.jpa.open-in-view is enabled by default. Therefore, database queries may be performed during view rendering. Explicitly configure spring.jpa.open-in-view to disable this warning
2025-10-23T05:23:39.397Z  INFO 17722 --- [           main] o.s.b.w.embedded.tomcat.TomcatWebServer  : Tomcat started on port 8081 (http) with context path ''
2025-10-23T05:23:39.414Z  INFO 17722 --- [           main] c.quickshop.user.UserServiceApplication  : Started UserServiceApplication in 4.991 seconds (process running for 5.661)
2025-10-23T05:24:05.505Z  INFO 17722 --- [nio-8081-exec-1] o.a.c.c.C.[Tomcat].[localhost].[/]       : Initializing Spring DispatcherServlet 'dispatcherServlet'
2025-10-23T05:24:05.505Z  INFO 17722 --- [nio-8081-exec-1] o.s.web.servlet.DispatcherServlet        : Initializing Servlet 'dispatcherServlet'
2025-10-23T05:24:05.507Z  INFO 17722 --- [nio-8081-exec-1] o.s.web.servlet.DispatcherServlet        : Completed initialization in 2 ms
2025-10-23T07:19:23.684Z  INFO 17722 --- [ionShutdownHook] j.LocalContainerEntityManagerFactoryBean : Closing JPA EntityManagerFactory for persistence unit 'default'
2025-10-23T07:19:23.686Z  INFO 17722 --- [ionShutdownHook] com.zaxxer.hikari.HikariDataSource       : HikariPool-1 - Shutdown initiated...
2025-10-23T07:19:23.695Z  INFO 17722 --- [ionShutdownHook] com.zaxxer.hikari.HikariDataSource       : HikariPool-1 - Shutdown completed.
