nohup: ignoring input

  .   ____          _            __ _ _
 /\\ / ___'_ __ _ _(_)_ __  __ _ \ \ \ \
( ( )\___ | '_ | '_| | '_ \/ _` | \ \ \ \
 \\/  ___)| |_)| | | | | || (_| |  ) ) ) )
  '  |____| .__|_| |_|_| |_\__, | / / / /
 =========|_|==============|___/=/_/_/_/
 :: Spring Boot ::                (v3.2.5)

2025-10-23T06:45:58.777Z  INFO 18629 --- [           main] c.q.product.ProductServiceApplication    : Starting ProductServiceApplication v1.0.0 using Java 17.0.16 with PID 18629 (/home/ubuntu/quickshop/frontend/quickshop-services/product-service/target/product-service-1.0.0.jar started by root in /home/ubuntu/quickshop/frontend/quickshop-services/product-service)
2025-10-23T06:45:58.788Z  INFO 18629 --- [           main] c.q.product.ProductServiceApplication    : No active profile set, falling back to 1 default profile: "default"
2025-10-23T06:45:59.794Z  INFO 18629 --- [           main] .s.d.r.c.RepositoryConfigurationDelegate : Bootstrapping Spring Data JPA repositories in DEFAULT mode.
2025-10-23T06:45:59.816Z  INFO 18629 --- [           main] .s.d.r.c.RepositoryConfigurationDelegate : Finished Spring Data repository scanning in 12 ms. Found 0 JPA repository interfaces.
2025-10-23T06:46:00.506Z  INFO 18629 --- [           main] o.s.b.w.embedded.tomcat.TomcatWebServer  : Tomcat initialized with port 8083 (http)
2025-10-23T06:46:00.521Z  INFO 18629 --- [           main] o.apache.catalina.core.StandardService   : Starting service [Tomcat]
2025-10-23T06:46:00.521Z  INFO 18629 --- [           main] o.apache.catalina.core.StandardEngine    : Starting Servlet engine: [Apache Tomcat/10.1.20]
2025-10-23T06:46:00.571Z  INFO 18629 --- [           main] o.a.c.c.C.[Tomcat].[localhost].[/]       : Initializing Spring embedded WebApplicationContext
2025-10-23T06:46:00.573Z  INFO 18629 --- [           main] w.s.c.ServletWebServerApplicationContext : Root WebApplicationContext: initialization completed in 1675 ms
2025-10-23T06:46:00.771Z  INFO 18629 --- [           main] o.hibernate.jpa.internal.util.LogHelper  : HHH000204: Processing PersistenceUnitInfo [name: default]
2025-10-23T06:46:00.853Z  INFO 18629 --- [           main] org.hibernate.Version                    : HHH000412: Hibernate ORM core version 6.4.4.Final
2025-10-23T06:46:00.893Z  INFO 18629 --- [           main] o.h.c.internal.RegionFactoryInitiator    : HHH000026: Second-level cache disabled
2025-10-23T06:46:01.190Z  INFO 18629 --- [           main] o.s.o.j.p.SpringPersistenceUnitInfo      : No LoadTimeWeaver setup: ignoring JPA class transformer
2025-10-23T06:46:01.219Z  INFO 18629 --- [           main] com.zaxxer.hikari.HikariDataSource       : HikariPool-1 - Starting...
2025-10-23T06:46:01.650Z  INFO 18629 --- [           main] com.zaxxer.hikari.pool.HikariPool        : HikariPool-1 - Added connection com.mysql.cj.jdbc.ConnectionImpl@1544ded3
2025-10-23T06:46:01.652Z  INFO 18629 --- [           main] com.zaxxer.hikari.HikariDataSource       : HikariPool-1 - Start completed.
2025-10-23T06:46:02.239Z  INFO 18629 --- [           main] o.h.e.t.j.p.i.JtaPlatformInitiator       : HHH000489: No JTA platform available (set 'hibernate.transaction.jta.platform' to enable JTA platform integration)
2025-10-23T06:46:02.248Z  INFO 18629 --- [           main] j.LocalContainerEntityManagerFactoryBean : Initialized JPA EntityManagerFactory for persistence unit 'default'
2025-10-23T06:46:02.312Z  WARN 18629 --- [           main] JpaBaseConfiguration$JpaWebConfiguration : spring.jpa.open-in-view is enabled by default. Therefore, database queries may be performed during view rendering. Explicitly configure spring.jpa.open-in-view to disable this warning
2025-10-23T06:46:02.800Z  INFO 18629 --- [           main] o.s.b.w.embedded.tomcat.TomcatWebServer  : Tomcat started on port 8083 (http) with context path ''
2025-10-23T06:46:02.816Z  INFO 18629 --- [           main] c.q.product.ProductServiceApplication    : Started ProductServiceApplication in 4.573 seconds (process running for 5.304)
2025-10-23T06:46:22.516Z  INFO 18629 --- [0.0-8083-exec-1] o.a.c.c.C.[Tomcat].[localhost].[/]       : Initializing Spring DispatcherServlet 'dispatcherServlet'
2025-10-23T06:46:22.516Z  INFO 18629 --- [0.0-8083-exec-1] o.s.web.servlet.DispatcherServlet        : Initializing Servlet 'dispatcherServlet'
2025-10-23T06:46:22.518Z  INFO 18629 --- [0.0-8083-exec-1] o.s.web.servlet.DispatcherServlet        : Completed initialization in 2 ms
